Inputs + bias: (size of in: 150 X 5)
  0.2222   0.6250   0.0678   0.0417   1.0000 
  0.1667   0.4167   0.0678   0.0417   1.0000 
  0.1111   0.5000   0.0508   0.0417   1.0000 
  0.0833   0.4583   0.0847   0.0417   1.0000 
  0.1944   0.6667   0.0678   0.0417   1.0000 
  0.3056   0.7917   0.1186   0.1250   1.0000 
  0.0833   0.5833   0.0678   0.0833   1.0000 
  0.1944   0.5833   0.0847   0.0417   1.0000 
  0.0278   0.3750   0.0678   0.0417   1.0000 
  0.1667   0.4583   0.0847   0.0000   1.0000 
  0.3056   0.7083   0.0847   0.0417   1.0000 
  0.1389   0.5833   0.1017   0.0417   1.0000 
  0.1389   0.4167   0.0678   0.0000   1.0000 
  0.0000   0.4167   0.0169   0.0000   1.0000 
  0.4167   0.8333   0.0339   0.0417   1.0000 
  0.3889   1.0000   0.0847   0.1250   1.0000 
  0.3056   0.7917   0.0508   0.1250   1.0000 
  0.2222   0.6250   0.0678   0.0833   1.0000 
  0.3889   0.7500   0.1186   0.0833   1.0000 
  0.2222   0.7500   0.0847   0.0833   1.0000 
  0.3056   0.5833   0.1186   0.0417   1.0000 
  0.2222   0.7083   0.0847   0.1250   1.0000 
  0.0833   0.6667   0.0000   0.0417   1.0000 
  0.2222   0.5417   0.1186   0.1667   1.0000 
  0.1389   0.5833   0.1525   0.0417   1.0000 
  0.1944   0.4167   0.1017   0.0417   1.0000 
  0.1944   0.5833   0.1017   0.1250   1.0000 
  0.2500   0.6250   0.0847   0.0417   1.0000 
  0.2500   0.5833   0.0678   0.0417   1.0000 
  0.1111   0.5000   0.1017   0.0417   1.0000 
  0.1389   0.4583   0.1017   0.0417   1.0000 
  0.3056   0.5833   0.0847   0.1250   1.0000 
  0.2500   0.8750   0.0847   0.0000   1.0000 
  0.3333   0.9167   0.0678   0.0417   1.0000 
  0.1667   0.4583   0.0847   0.0000   1.0000 
  0.1944   0.5000   0.0339   0.0417   1.0000 
  0.3333   0.6250   0.0508   0.0417   1.0000 
  0.1667   0.4583   0.0847   0.0000   1.0000 
  0.0278   0.4167   0.0508   0.0417   1.0000 
  0.2222   0.5833   0.0847   0.0417   1.0000 
  0.1944   0.6250   0.0508   0.0833   1.0000 
  0.0556   0.1250   0.0508   0.0833   1.0000 
  0.0278   0.5000   0.0508   0.0417   1.0000 
  0.1944   0.6250   0.1017   0.2083   1.0000 
  0.2222   0.7500   0.1525   0.1250   1.0000 
  0.1389   0.4167   0.0678   0.0833   1.0000 
  0.2222   0.7500   0.1017   0.0417   1.0000 
  0.0833   0.5000   0.0678   0.0417   1.0000 
  0.2778   0.7083   0.0847   0.0417   1.0000 
  0.1944   0.5417   0.0678   0.0417   1.0000 
  0.7500   0.5000   0.6271   0.5417   1.0000 
  0.5833   0.5000   0.5932   0.5833   1.0000 
  0.7222   0.4583   0.6610   0.5833   1.0000 
  0.3333   0.1250   0.5085   0.5000   1.0000 
  0.6111   0.3333   0.6102   0.5833   1.0000 
  0.3889   0.3333   0.5932   0.5000   1.0000 
  0.5556   0.5417   0.6271   0.6250   1.0000 
  0.1667   0.1667   0.3898   0.3750   1.0000 
  0.6389   0.3750   0.6102   0.5000   1.0000 
  0.2500   0.2917   0.4915   0.5417   1.0000 
  0.1944   0.0000   0.4237   0.3750   1.0000 
  0.4444   0.4167   0.5424   0.5833   1.0000 
  0.4722   0.0833   0.5085   0.3750   1.0000 
  0.5000   0.3750   0.6271   0.5417   1.0000 
  0.3611   0.3750   0.4407   0.5000   1.0000 
  0.6667   0.4583   0.5763   0.5417   1.0000 
  0.3611   0.4167   0.5932   0.5833   1.0000 
  0.4167   0.2917   0.5254   0.3750   1.0000 
  0.5278   0.0833   0.5932   0.5833   1.0000 
  0.3611   0.2083   0.4915   0.4167   1.0000 
  0.4444   0.5000   0.6441   0.7083   1.0000 
  0.5000   0.3333   0.5085   0.5000   1.0000 
  0.5556   0.2083   0.6610   0.5833   1.0000 
  0.5000   0.3333   0.6271   0.4583   1.0000 
  0.5833   0.3750   0.5593   0.5000   1.0000 
  0.6389   0.4167   0.5763   0.5417   1.0000 
  0.6944   0.3333   0.6441   0.5417   1.0000 
  0.6667   0.4167   0.6780   0.6667   1.0000 
  0.4722   0.3750   0.5932   0.5833   1.0000 
  0.3889   0.2500   0.4237   0.3750   1.0000 
  0.3333   0.1667   0.4746   0.4167   1.0000 
  0.3333   0.1667   0.4576   0.3750   1.0000 
  0.4167   0.2917   0.4915   0.4583   1.0000 
  0.4722   0.2917   0.6949   0.6250   1.0000 
  0.3056   0.4167   0.5932   0.5833   1.0000 
  0.4722   0.5833   0.5932   0.6250   1.0000 
  0.6667   0.4583   0.6271   0.5833   1.0000 
  0.5556   0.1250   0.5763   0.5000   1.0000 
  0.3611   0.4167   0.5254   0.5000   1.0000 
  0.3333   0.2083   0.5085   0.5000   1.0000 
  0.3333   0.2500   0.5763   0.4583   1.0000 
  0.5000   0.4167   0.6102   0.5417   1.0000 
  0.4167   0.2500   0.5085   0.4583   1.0000 
  0.1944   0.1250   0.3898   0.3750   1.0000 
  0.3611   0.2917   0.5424   0.5000   1.0000 
  0.3889   0.4167   0.5424   0.4583   1.0000 
  0.3889   0.3750   0.5424   0.5000   1.0000 
  0.5278   0.3750   0.5593   0.5000   1.0000 
  0.2222   0.2083   0.3390   0.4167   1.0000 
  0.3889   0.3333   0.5254   0.5000   1.0000 
  0.5556   0.5417   0.8475   1.0000   1.0000 
  0.4167   0.2917   0.6949   0.7500   1.0000 
  0.7778   0.4167   0.8305   0.8333   1.0000 
  0.5556   0.3750   0.7797   0.7083   1.0000 
  0.6111   0.4167   0.8136   0.8750   1.0000 
  0.9167   0.4167   0.9492   0.8333   1.0000 
  0.1667   0.2083   0.5932   0.6667   1.0000 
  0.8333   0.3750   0.8983   0.7083   1.0000 
  0.6667   0.2083   0.8136   0.7083   1.0000 
  0.8056   0.6667   0.8644   1.0000   1.0000 
  0.6111   0.5000   0.6949   0.7917   1.0000 
  0.5833   0.2917   0.7288   0.7500   1.0000 
  0.6944   0.4167   0.7627   0.8333   1.0000 
  0.3889   0.2083   0.6780   0.7917   1.0000 
  0.4167   0.3333   0.6949   0.9583   1.0000 
  0.5833   0.5000   0.7288   0.9167   1.0000 
  0.6111   0.4167   0.7627   0.7083   1.0000 
  0.9444   0.7500   0.9661   0.8750   1.0000 
  0.9444   0.2500   1.0000   0.9167   1.0000 
  0.4722   0.0833   0.6780   0.5833   1.0000 
  0.7222   0.5000   0.7966   0.9167   1.0000 
  0.3611   0.3333   0.6610   0.7917   1.0000 
  0.9444   0.3333   0.9661   0.7917   1.0000 
  0.5556   0.2917   0.6610   0.7083   1.0000 
  0.6667   0.5417   0.7966   0.8333   1.0000 
  0.8056   0.5000   0.8475   0.7083   1.0000 
  0.5278   0.3333   0.6441   0.7083   1.0000 
  0.5000   0.4167   0.6610   0.7083   1.0000 
  0.5833   0.3333   0.7797   0.8333   1.0000 
  0.8056   0.4167   0.8136   0.6250   1.0000 
  0.8611   0.3333   0.8644   0.7500   1.0000 
  1.0000   0.7500   0.9153   0.7917   1.0000 
  0.5833   0.3333   0.7797   0.8750   1.0000 
  0.5556   0.3333   0.6949   0.5833   1.0000 
  0.5000   0.2500   0.7797   0.5417   1.0000 
  0.9444   0.4167   0.8644   0.9167   1.0000 
  0.5556   0.5833   0.7797   0.9583   1.0000 
  0.5833   0.4583   0.7627   0.7083   1.0000 
  0.4722   0.4167   0.6441   0.7083   1.0000 
  0.7222   0.4583   0.7458   0.8333   1.0000 
  0.6667   0.4583   0.7797   0.9583   1.0000 
  0.7222   0.4583   0.6949   0.9167   1.0000 
  0.4167   0.2917   0.6949   0.7500   1.0000 
  0.6944   0.5000   0.8305   0.9167   1.0000 
  0.6667   0.5417   0.7966   1.0000   1.0000 
  0.6667   0.4167   0.7119   0.9167   1.0000 
  0.5556   0.2083   0.6780   0.7500   1.0000 
  0.6111   0.4167   0.7119   0.7917   1.0000 
  0.5278   0.5833   0.7458   0.9167   1.0000 
  0.4444   0.4167   0.6949   0.7083   1.0000 
Outputs: (size of out: 150 X 3)
  1.0000   0.0000   0.0000 
  1.0000   0.0000   0.0000 
  1.0000   0.0000   0.0000 
  1.0000   0.0000   0.0000 
  1.0000   0.0000   0.0000 
  1.0000   0.0000   0.0000 
  1.0000   0.0000   0.0000 
  1.0000   0.0000   0.0000 
  1.0000   0.0000   0.0000 
  1.0000   0.0000   0.0000 
  1.0000   0.0000   0.0000 
  1.0000   0.0000   0.0000 
  1.0000   0.0000   0.0000 
  1.0000   0.0000   0.0000 
  1.0000   0.0000   0.0000 
  1.0000   0.0000   0.0000 
  1.0000   0.0000   0.0000 
  1.0000   0.0000   0.0000 
  1.0000   0.0000   0.0000 
  1.0000   0.0000   0.0000 
  1.0000   0.0000   0.0000 
  1.0000   0.0000   0.0000 
  1.0000   0.0000   0.0000 
  1.0000   0.0000   0.0000 
  1.0000   0.0000   0.0000 
  1.0000   0.0000   0.0000 
  1.0000   0.0000   0.0000 
  1.0000   0.0000   0.0000 
  1.0000   0.0000   0.0000 
  1.0000   0.0000   0.0000 
  1.0000   0.0000   0.0000 
  1.0000   0.0000   0.0000 
  1.0000   0.0000   0.0000 
  1.0000   0.0000   0.0000 
  1.0000   0.0000   0.0000 
  1.0000   0.0000   0.0000 
  1.0000   0.0000   0.0000 
  1.0000   0.0000   0.0000 
  1.0000   0.0000   0.0000 
  1.0000   0.0000   0.0000 
  1.0000   0.0000   0.0000 
  1.0000   0.0000   0.0000 
  1.0000   0.0000   0.0000 
  1.0000   0.0000   0.0000 
  1.0000   0.0000   0.0000 
  1.0000   0.0000   0.0000 
  1.0000   0.0000   0.0000 
  1.0000   0.0000   0.0000 
  1.0000   0.0000   0.0000 
  1.0000   0.0000   0.0000 
  0.0000   1.0000   0.0000 
  0.0000   1.0000   0.0000 
  0.0000   1.0000   0.0000 
  0.0000   1.0000   0.0000 
  0.0000   1.0000   0.0000 
  0.0000   1.0000   0.0000 
  0.0000   1.0000   0.0000 
  0.0000   1.0000   0.0000 
  0.0000   1.0000   0.0000 
  0.0000   1.0000   0.0000 
  0.0000   1.0000   0.0000 
  0.0000   1.0000   0.0000 
  0.0000   1.0000   0.0000 
  0.0000   1.0000   0.0000 
  0.0000   1.0000   0.0000 
  0.0000   1.0000   0.0000 
  0.0000   1.0000   0.0000 
  0.0000   1.0000   0.0000 
  0.0000   1.0000   0.0000 
  0.0000   1.0000   0.0000 
  0.0000   1.0000   0.0000 
  0.0000   1.0000   0.0000 
  0.0000   1.0000   0.0000 
  0.0000   1.0000   0.0000 
  0.0000   1.0000   0.0000 
  0.0000   1.0000   0.0000 
  0.0000   1.0000   0.0000 
  0.0000   1.0000   0.0000 
  0.0000   1.0000   0.0000 
  0.0000   1.0000   0.0000 
  0.0000   1.0000   0.0000 
  0.0000   1.0000   0.0000 
  0.0000   1.0000   0.0000 
  0.0000   1.0000   0.0000 
  0.0000   1.0000   0.0000 
  0.0000   1.0000   0.0000 
  0.0000   1.0000   0.0000 
  0.0000   1.0000   0.0000 
  0.0000   1.0000   0.0000 
  0.0000   1.0000   0.0000 
  0.0000   1.0000   0.0000 
  0.0000   1.0000   0.0000 
  0.0000   1.0000   0.0000 
  0.0000   1.0000   0.0000 
  0.0000   1.0000   0.0000 
  0.0000   1.0000   0.0000 
  0.0000   1.0000   0.0000 
  0.0000   1.0000   0.0000 
  0.0000   1.0000   0.0000 
  0.0000   1.0000   0.0000 
  0.0000   0.0000   1.0000 
  0.0000   0.0000   1.0000 
  0.0000   0.0000   1.0000 
  0.0000   0.0000   1.0000 
  0.0000   0.0000   1.0000 
  0.0000   0.0000   1.0000 
  0.0000   0.0000   1.0000 
  0.0000   0.0000   1.0000 
  0.0000   0.0000   1.0000 
  0.0000   0.0000   1.0000 
  0.0000   0.0000   1.0000 
  0.0000   0.0000   1.0000 
  0.0000   0.0000   1.0000 
  0.0000   0.0000   1.0000 
  0.0000   0.0000   1.0000 
  0.0000   0.0000   1.0000 
  0.0000   0.0000   1.0000 
  0.0000   0.0000   1.0000 
  0.0000   0.0000   1.0000 
  0.0000   0.0000   1.0000 
  0.0000   0.0000   1.0000 
  0.0000   0.0000   1.0000 
  0.0000   0.0000   1.0000 
  0.0000   0.0000   1.0000 
  0.0000   0.0000   1.0000 
  0.0000   0.0000   1.0000 
  0.0000   0.0000   1.0000 
  0.0000   0.0000   1.0000 
  0.0000   0.0000   1.0000 
  0.0000   0.0000   1.0000 
  0.0000   0.0000   1.0000 
  0.0000   0.0000   1.0000 
  0.0000   0.0000   1.0000 
  0.0000   0.0000   1.0000 
  0.0000   0.0000   1.0000 
  0.0000   0.0000   1.0000 
  0.0000   0.0000   1.0000 
  0.0000   0.0000   1.0000 
  0.0000   0.0000   1.0000 
  0.0000   0.0000   1.0000 
  0.0000   0.0000   1.0000 
  0.0000   0.0000   1.0000 
  0.0000   0.0000   1.0000 
  0.0000   0.0000   1.0000 
  0.0000   0.0000   1.0000 
  0.0000   0.0000   1.0000 
  0.0000   0.0000   1.0000 
  0.0000   0.0000   1.0000 
  0.0000   0.0000   1.0000 
  0.0000   0.0000   1.0000 
Test Inputs + bias: (size of in: 20 X 5)
  0.5556   0.5417   0.6271   0.6250   1.0000 
  0.6667   0.4583   0.7797   0.9583   1.0000 
  0.5278   0.3333   0.6441   0.7083   1.0000 
  0.0278   0.3750   0.0678   0.0417   1.0000 
  0.1389   0.4583   0.1017   0.0417   1.0000 
  0.9444   0.4167   0.8644   0.9167   1.0000 
  0.0833   0.6667   0.0000   0.0417   1.0000 
  0.2222   0.5833   0.0847   0.0417   1.0000 
  0.1944   0.5417   0.0678   0.0417   1.0000 
  0.6667   0.5417   0.7966   1.0000   1.0000 
  0.5278   0.5833   0.7458   0.9167   1.0000 
  0.5833   0.4583   0.7627   0.7083   1.0000 
  0.6667   0.4583   0.5763   0.5417   1.0000 
  0.5556   0.5833   0.7797   0.9583   1.0000 
  0.9167   0.4167   0.9492   0.8333   1.0000 
  0.6111   0.4167   0.7627   0.7083   1.0000 
  0.4722   0.4167   0.6441   0.7083   1.0000 
  0.5000   0.2500   0.7797   0.5417   1.0000 
  0.9444   0.2500   1.0000   0.9167   1.0000 
  0.1944   0.0000   0.4237   0.3750   1.0000 
Expected Outputs: (size of out: 20 X 3)
  0.0000   1.0000   0.0000 
  0.0000   0.0000   1.0000 
  0.0000   0.0000   1.0000 
  1.0000   0.0000   0.0000 
  1.0000   0.0000   0.0000 
  0.0000   0.0000   1.0000 
  1.0000   0.0000   0.0000 
  1.0000   0.0000   0.0000 
  1.0000   0.0000   0.0000 
  0.0000   0.0000   1.0000 
  0.0000   0.0000   1.0000 
  0.0000   0.0000   1.0000 
  0.0000   1.0000   0.0000 
  0.0000   0.0000   1.0000 
  0.0000   0.0000   1.0000 
  0.0000   0.0000   1.0000 
  0.0000   0.0000   1.0000 
  0.0000   0.0000   1.0000 
  0.0000   0.0000   1.0000 
  0.0000   1.0000   0.0000 
Tests + bias + results + diff: (size: 20 X 11)
  6.3000   3.3000   4.7000   1.6000   1.0000   0.0000   0.0118   0.0000  -0.0000   0.9882  -0.0000 
  6.7000   3.1000   5.6000   2.4000   1.0000   0.0000   0.0000   1.0000  -0.0000  -0.0000   0.0000 
  6.2000   2.8000   4.8000   1.8000   1.0000   0.0000   1.0000   0.9375  -0.0000  -1.0000   0.0625 
  4.4000   2.9000   1.4000   0.2000   1.0000   1.0000   1.0000   0.0000   0.0000  -1.0000  -0.0000 
  4.8000   3.1000   1.6000   0.2000   1.0000   1.0000   1.0000   0.0000   0.0000  -1.0000  -0.0000 
  7.7000   3.0000   6.1000   2.3000   1.0000   0.0000   1.0000   1.0000  -0.0000  -1.0000   0.0000 
  4.6000   3.6000   1.0000   0.2000   1.0000   1.0000   0.0000   0.0000   0.0000  -0.0000  -0.0000 
  5.1000   3.4000   1.5000   0.2000   1.0000   1.0000   0.0000   0.0000   0.0000  -0.0000  -0.0000 
  5.0000   3.3000   1.4000   0.2000   1.0000   1.0000   0.0000   0.0000   0.0000  -0.0000  -0.0000 
  6.7000   3.3000   5.7000   2.5000   1.0000   0.0000   0.0000   1.0000  -0.0000  -0.0000   0.0000 
  6.2000   3.4000   5.4000   2.3000   1.0000   0.0000   0.0000   1.0000  -0.0000  -0.0000   0.0000 
  6.4000   3.1000   5.5000   1.8000   1.0000   0.0000   1.0000   1.0000  -0.0000  -1.0000   0.0000 
  6.7000   3.1000   4.4000   1.4000   1.0000   0.0000   1.0000   0.0000  -0.0000   0.0000  -0.0000 
  6.3000   3.4000   5.6000   2.4000   1.0000   0.0000   0.0000   1.0000  -0.0000  -0.0000   0.0000 
  7.6000   3.0000   6.6000   2.1000   1.0000   0.0000   1.0000   1.0000  -0.0000  -1.0000   0.0000 
  6.5000   3.0000   5.5000   1.8000   1.0000   0.0000   1.0000   1.0000  -0.0000  -1.0000   0.0000 
  6.0000   3.0000   4.8000   1.8000   1.0000   0.0000   0.8877   0.7190  -0.0000  -0.8877   0.2810 
  6.1000   2.6000   5.6000   1.4000   1.0000   0.0000   1.0000   0.9973  -0.0000  -1.0000   0.0027 
  7.7000   2.6000   6.9000   2.3000   1.0000   0.0000   1.0000   1.0000  -0.0000  -1.0000   0.0000 
  5.0000   2.0000   3.5000   1.0000   1.0000   0.0000   1.0000   0.0000  -0.0000   0.0000  -0.0000 
