Inputs + bias: (size of in: 4 X 3)
  0.0000   0.0000   1.0000 
  0.0000   0.2000   1.0000 
  0.5000   0.0000   1.0000 
  1.0000   1.0000   1.0000 
Outputs: (size of out: 4 X 1)
  0.0000 
  1.0000 
  1.0000 
  1.0000 
Test Inputs + bias: (size of in: 8 X 3)
  0.0000   0.0000   1.0000 
  0.0000   0.2000   1.0000 
  0.5000   0.0000   1.0000 
  1.0000   1.0000   1.0000 
  0.0000   0.6000   1.0000 
  0.7500   0.0000   1.0000 
  0.7500   0.6000   1.0000 
  2.2500   1.6000   1.0000 
Expected Outputs: (size of out: 8 X 1)
  0.0000 
  1.0000 
  1.0000 
  1.0000 
  1.0000 
  1.0000 
  1.0000 
  1.0000 
Tests + bias + results + diff: (size: 8 X 5)
  0.0000   0.0000   1.0000   0.0020  -0.0020 
  0.0000   1.0000   1.0000   0.9983   0.0017 
  2.0000   0.0000   1.0000   0.9997   0.0003 
  4.0000   5.0000   1.0000   1.0000   0.0000 
  0.0000   3.0000   1.0000   1.0000   0.0000 
  3.0000   0.0000   1.0000   1.0000   0.0000 
  3.0000   3.0000   1.0000   1.0000   0.0000 
  9.0000   8.0000   1.0000   1.0000   0.0000 
