Inputs + bias: (size of in: 4 X 4)
  0.0000   0.0000   0.0000   1.0000 
  0.0000   1.0000   0.0000   1.0000 
  1.0000   0.0000   0.0000   1.0000 
  1.0000   1.0000   1.0000   1.0000 
Outputs: (size of out: 4 X 1)
  0.0000 
  1.0000 
  1.0000 
  0.0000 
Test Inputs + bias: (size of in: 4 X 4)
  0.0000   0.0000   0.0000   1.0000 
  0.0000   1.0000   0.0000   1.0000 
  1.0000   0.0000   0.0000   1.0000 
  1.0000   1.0000   1.0000   1.0000 
Expected Outputs: (size of out: 4 X 1)
  0.0000 
  1.0000 
  1.0000 
  0.0000 
Tests + bias + results + diff: (size: 4 X 6)
  0.0000   0.0000   0.0000   1.0000   0.0003  -0.0003 
  0.0000   1.0000   0.0000   1.0000   0.9998   0.0002 
  1.0000   0.0000   0.0000   1.0000   0.9998   0.0002 
  1.0000   1.0000   1.0000   1.0000   0.0001  -0.0001 
