Inputs + bias: (size of in: 4 X 3)
  0.0000   0.0000   1.0000 
  0.0000   1.0000   1.0000 
  1.0000   0.0000   1.0000 
  1.0000   1.0000   1.0000 
Outputs: (size of out: 4 X 3)
  0.0000   0.0000   0.0000 
  1.0000   0.0000   1.0000 
  1.0000   0.0000   1.0000 
  0.0000   1.0000   1.0000 
Test Inputs + bias: (size of in: 4 X 3)
  0.0000   0.0000   1.0000 
  0.0000   1.0000   1.0000 
  1.0000   0.0000   1.0000 
  1.0000   1.0000   1.0000 
Expected Outputs: (size of out: 4 X 3)
  0.0000   0.0000   0.0000 
  1.0000   0.0000   1.0000 
  1.0000   0.0000   1.0000 
  0.0000   1.0000   1.0000 
Tests + bias + results + diff: (size: 4 X 9)
  0.0000   0.0000   1.0000   0.5000   0.0000   0.0002  -0.5000  -0.0000  -0.0002 
  0.0000   1.0000   1.0000   0.5000   0.0002   0.9999   0.5000  -0.0002   0.0001 
  1.0000   0.0000   1.0000   0.5000   0.0002   0.9999   0.5000  -0.0002   0.0001 
  1.0000   1.0000   1.0000   0.5000   0.9998   1.0000  -0.5000   0.0002   0.0000 
