(size of S: 3 X 3)
  1.0000   2.0000   4.0000 
  2.0000   2.0000   3.0000 
  4.0000   3.0000   3.0000 
inverse: (size of S: 3 X 3)
 -3.0000   6.0000  -2.0000 
  6.0000 -13.0000   5.0000 
 -2.0000   5.0000  -2.0000 
(size of S: 3 X 3)
 -3.0000   6.0000  -2.0000 
  6.0000 -13.0000   5.0000 
 -2.0000   5.0000  -2.0000 
(size: 3 X 3)
           1           0  -8.882e-16
           0           1  -8.882e-16
  -8.882e-16  -3.553e-15           1
(size of A: 3 X 3)
  1.0000   2.0000   4.0000 
  2.0000   2.0000   3.0000 
  4.0000   3.0000   3.0000 
---
(size of A: 4 X 2)
  1.0000   3.0000 
  2.0000   5.0000 
  3.0000   7.0000 
  4.0000  11.0000 
(size of M: 3 X 4)
  0.0000   1.0000   2.0000   3.0000 
  4.0000   5.0000   6.0000   7.0000 
  8.0000   9.0000  10.0000  11.0000 
---
result: (size: 3 X 2)
 20.0000  52.0000 
 60.0000 156.0000 
100.0000 260.0000 
(size of B: 3 X 2)
 20.0000  52.0000 
 60.0000 156.0000 
100.0000 260.0000 
---
(size of B: 2 X 4)
  1.0000   2.0000   3.0000   4.0000 
  3.0000   5.0000   7.0000  11.0000 
(size: 2 X 2)
 30.0000  78.0000 
 78.0000 204.0000 
